<?xml version="1.0" encoding="UTF-8"?>
<!-- Generated by org.testng.reporters.JUnitReportReporter -->
<testsuite hostname="thecanbutler.local" name="testCases.TestFrameWork" tests="1" failures="0" timestamp="14 Jan 2016 22:05:28 GMT" time="4.215" errors="0">
  <testcase name="testFrame" time="4.215" classname="testCases.TestFrameWork"/>
</testsuite> <!-- testCases.TestFrameWork -->
