<?xml version="1.0" encoding="UTF-8"?>
<!-- Generated by org.testng.reporters.JUnitReportReporter -->
<testsuite hostname="thecanbutler.local" name="testCases.TestNg" tests="1" failures="0" timestamp="4 Jan 2016 10:32:23 GMT" time="1.197" errors="0">
  <testcase name="testCase" time="1.197" classname="testCases.TestNg"/>
</testsuite> <!-- testCases.TestNg -->
